0 info it worked if it ends with ok
1 verbose cli [ '/usr/bin/nodejs',
1 verbose cli   '/usr/bin/npm',
1 verbose cli   'install',
1 verbose cli   '--save',
1 verbose cli   'express-patials@0.3.0' ]
2 info using npm@1.4.21
3 info using node@v0.10.25
4 verbose readDependencies using package.json deps
5 verbose cache add [ 'express-patials@0.3.0', null ]
6 verbose cache add name=undefined spec="express-patials@0.3.0" args=["express-patials@0.3.0",null]
7 verbose parsed url { protocol: null,
7 verbose parsed url   slashes: null,
7 verbose parsed url   auth: null,
7 verbose parsed url   host: null,
7 verbose parsed url   port: null,
7 verbose parsed url   hostname: null,
7 verbose parsed url   hash: null,
7 verbose parsed url   search: null,
7 verbose parsed url   query: null,
7 verbose parsed url   pathname: 'express-patials@0.3.0',
7 verbose parsed url   path: 'express-patials@0.3.0',
7 verbose parsed url   href: 'express-patials@0.3.0' }
8 verbose cache add name="express-patials" spec="0.3.0" args=["express-patials","0.3.0"]
9 verbose parsed url { protocol: null,
9 verbose parsed url   slashes: null,
9 verbose parsed url   auth: null,
9 verbose parsed url   host: null,
9 verbose parsed url   port: null,
9 verbose parsed url   hostname: null,
9 verbose parsed url   hash: null,
9 verbose parsed url   search: null,
9 verbose parsed url   query: null,
9 verbose parsed url   pathname: '0.3.0',
9 verbose parsed url   path: '0.3.0',
9 verbose parsed url   href: '0.3.0' }
10 verbose addNamed [ 'express-patials', '0.3.0' ]
11 verbose addNamed [ '0.3.0', '0.3.0' ]
12 silly lockFile f3ac1a55-express-patials-0-3-0 express-patials@0.3.0
13 verbose lock express-patials@0.3.0 /home/diego/.npm/f3ac1a55-express-patials-0-3-0.lock
14 verbose request where is /express-patials
15 verbose request registry https://registry.npmjs.org/
16 verbose request id e86779fd7de0ffdd
17 verbose url raw /express-patials
18 verbose url resolving [ 'https://registry.npmjs.org/', './express-patials' ]
19 verbose url resolved https://registry.npmjs.org/express-patials
20 verbose request where is https://registry.npmjs.org/express-patials
21 info trying registry request attempt 1 at 12:19:05
22 http GET https://registry.npmjs.org/express-patials
23 http 404 https://registry.npmjs.org/express-patials
24 silly registry.get cb [ 404,
24 silly registry.get   { 'content-type': 'application/json',
24 silly registry.get     'cache-control': 'max-age=0',
24 silly registry.get     'content-length': '2',
24 silly registry.get     'accept-ranges': 'bytes',
24 silly registry.get     date: 'Mon, 02 May 2016 10:19:06 GMT',
24 silly registry.get     via: '1.1 varnish',
24 silly registry.get     age: '0',
24 silly registry.get     connection: 'keep-alive',
24 silly registry.get     'x-served-by': 'cache-ams4144-AMS',
24 silly registry.get     'x-cache': 'MISS',
24 silly registry.get     'x-cache-hits': '0',
24 silly registry.get     'x-timer': 'S1462184345.481505,VS0,VE692',
24 silly registry.get     vary: 'Accept-Encoding' } ]
25 silly lockFile f3ac1a55-express-patials-0-3-0 express-patials@0.3.0
26 silly lockFile f3ac1a55-express-patials-0-3-0 express-patials@0.3.0
27 error 404 Not Found
27 error 404
27 error 404 'express-patials' is not in the npm registry.
27 error 404 You should bug the author to publish it
27 error 404 It was specified as a dependency of 'quiz'
27 error 404
27 error 404 Note that you can also install from a
27 error 404 tarball, folder, or http url, or git url.
28 error System Linux 4.2.0-16-generic
29 error command "/usr/bin/nodejs" "/usr/bin/npm" "install" "--save" "express-patials@0.3.0"
30 error cwd /home/diego/mis_proyectos/quiz
31 error node -v v0.10.25
32 error npm -v 1.4.21
33 error code E404
34 verbose exit [ 1, true ]
